current directory: /Users/tshell/Websites/shellpiano/.bundle/ruby/2.3.0/gems/redcarpet-2.3.0/ext/redcarpet
/System/Library/Frameworks/Ruby.framework/Versions/2.3/usr/bin/ruby -r ./siteconf20171219-7851-1ag48o4.rb extconf.rb 
creating Makefile

current directory: /Users/tshell/Websites/shellpiano/.bundle/ruby/2.3.0/gems/redcarpet-2.3.0/ext/redcarpet
make "DESTDIR=" clean

current directory: /Users/tshell/Websites/shellpiano/.bundle/ruby/2.3.0/gems/redcarpet-2.3.0/ext/redcarpet
make "DESTDIR="
compiling buffer.c
compiling autolink.c
compiling rc_markdown.c
compiling houdini_href_e.c
compiling stack.c
compiling houdini_html_e.c
compiling markdown.c
compiling html_smartypants.c
compiling html.c
compiling rc_render.c
linking shared-object redcarpet.bundle
ld: warning: directory not found for option '-L/BuildRoot/Applications/Xcode.app/Contents/Developer/Platforms/MacOSX.platform/Developer/SDKs/MacOSX10.13.Internal.sdk/usr/local/libressl/lib'
ld: warning: directory not found for option '-L/BuildRoot/Applications/Xcode.app/Contents/Developer/Platforms/MacOSX.platform/Developer/SDKs/MacOSX10.13.Internal.sdk/usr/local/lib'
ld: warning: directory not found for option '-L/BuildRoot/Applications/Xcode.app/Contents/Developer/Platforms/MacOSX.platform/Developer/SDKs/MacOSX10.13.Internal.sdk/usr/local/libressl/lib'
ld: warning: directory not found for option '-L/BuildRoot/Applications/Xcode.app/Contents/Developer/Platforms/MacOSX.platform/Developer/SDKs/MacOSX10.13.Internal.sdk/usr/local/lib'

current directory: /Users/tshell/Websites/shellpiano/.bundle/ruby/2.3.0/gems/redcarpet-2.3.0/ext/redcarpet
make "DESTDIR=" install
/usr/bin/install -c -m 0755 redcarpet.bundle ./.gem.20171219-7851-1la4cjz
